@I [HLS-0] Workspace /users/deastir/mcaceres/Documents/VIVADO/TP_Vivado_HLS/TP_Vivado_HLS/gaussian/solution1 opened at Mon Dec 05 11:43:52 CET 2016
@I [HLS-100] Command "config_clock -quiet -name default -period 10 -default=false "
@I [SYN-201] Setting up clock 'default' with a period of 10ns.
@I [HLS-100] Command 'config_clock' returned 0; elapsed 0Total elapsed time: 0.519 sec.
@I [HLS-100] Command "open_platform DefaultPlatform "
@I [HLS-100] Command 'open_platform' returned 0; elapsed 0Total elapsed time: 0.523 sec.
@I [HLS-100] Command "import_lib /usr/local/.recherche-cairn/Vivado-2013.2/Vivado_HLS/2013.2/common/technology/xilinx/zynq/zynq "
@I [HLS-100] Command "source /usr/local/.recherche-cairn/Vivado-2013.2/Vivado_HLS/2013.2/common/technology/xilinx/common/xilinx.lib "
@I [HLS-100] Command "source /usr/local/.recherche-cairn/Vivado-2013.2/Vivado_HLS/2013.2/common/technology/xilinx/interface/xilinx_interface.lib "
@I [HLS-100] Command "source /usr/local/.recherche-cairn/Vivado-2013.2/Vivado_HLS/2013.2/common/technology/xilinx/interface/plb46.lib "
@I [HLS-100] Command 'ap_source' returned 0; elapsed 0Total elapsed time: 0.531 sec.
@I [HLS-100] Command "source /usr/local/.recherche-cairn/Vivado-2013.2/Vivado_HLS/2013.2/common/technology/xilinx/interface/fsl.lib "
@I [HLS-100] Command 'ap_source' returned 0; elapsed 0Total elapsed time: 0.532 sec.
@I [HLS-100] Command "source /usr/local/.recherche-cairn/Vivado-2013.2/Vivado_HLS/2013.2/common/technology/xilinx/interface/axi4.lib "
@I [HLS-100] Command 'ap_source' returned 0; elapsed 0Total elapsed time: 0.533 sec.
@I [HLS-100] Command 'ap_source' returned 0; elapsed 0Total elapsed time: 0.533 sec.
@I [HLS-100] Command "source /usr/local/.recherche-cairn/Vivado-2013.2/Vivado_HLS/2013.2/common/technology/xilinx/common/dsp48.lib "
@I [HLS-100] Command 'ap_source' returned 0; elapsed 0Total elapsed time: 0.534 sec.
@I [HLS-100] Command "source /usr/local/.recherche-cairn/Vivado-2013.2/Vivado_HLS/2013.2/common/technology/xilinx/ip/xfft.lib "
@I [HLS-100] Command 'ap_source' returned 0; elapsed 0Total elapsed time: 0.537 sec.
@I [HLS-100] Command 'ap_source' returned 0; elapsed 0Total elapsed time: 0.538 sec.
@I [HLS-100] Command "source /usr/local/.recherche-cairn/Vivado-2013.2/Vivado_HLS/2013.2/common/technology/xilinx/common/xilinx_old.lib "
@I [HLS-100] Command 'ap_source' returned 0; elapsed 0.01Total elapsed time: 0.540 sec.
@I [HLS-100] Command "source /usr/local/.recherche-cairn/Vivado-2013.2/Vivado_HLS/2013.2/common/technology/xilinx/common/xilinx_vivado.lib "
@I [HLS-100] Command 'ap_source' returned 0; elapsed 0Total elapsed time: 0.541 sec.
@I [HLS-100] Command "source /usr/local/.recherche-cairn/Vivado-2013.2/Vivado_HLS/2013.2/common/technology/xilinx/common/xilinx.hlp "
@I [HLS-100] Command "source /usr/local/.recherche-cairn/Vivado-2013.2/Vivado_HLS/2013.2/common/technology/xilinx/common/target_info.tcl "
@I [HLS-100] Command 'ap_source' returned 0; elapsed 0Total elapsed time: 0.546 sec.
@I [HLS-100] Command "source /usr/local/.recherche-cairn/Vivado-2013.2/Vivado_HLS/2013.2/common/technology/xilinx/common/dsp48.hlp "
@I [HLS-100] Command 'ap_source' returned 0; elapsed 0Total elapsed time: 0.548 sec.
@I [HLS-100] Command 'ap_source' returned 0; elapsed 0Total elapsed time: 0.548 sec.
@I [HLS-100] Command "source /usr/local/.recherche-cairn/Vivado-2013.2/Vivado_HLS/2013.2/common/technology/xilinx/zynq/dsp48e1.hlp "
@I [HLS-100] Command 'ap_source' returned 0; elapsed 0Total elapsed time: 0.549 sec.
@I [HLS-100] Command "get_default_platform "
@I [HLS-100] Command 'get_default_platform' returned 0; elapsed 0Total elapsed time: 0.549 sec.
@I [HLS-100] Command "config_chip_info -quiet -resource  {SLICE 13300}  {LUT 53200}     {FF 106400} {DSP48E 220}   {BRAM 280}  "
@I [HLS-100] Command 'config_chip_info' returned 0; elapsed 0Total elapsed time: 0.549 sec.
@I [HLS-100] Command "config_chip_info -quiet -speed medium "
@I [HLS-100] Command 'config_chip_info' returned 0; elapsed 0Total elapsed time: 0.549 sec.
@I [HLS-100] Command 'import_lib' returned 0; elapsed 0.01Total elapsed time: 0.550 sec.
@I [HLS-100] Command "source /usr/local/.recherche-cairn/Vivado-2013.2/Vivado_HLS/2013.2/common/technology/xilinx/zynq/zynq.gen "
@I [HLS-100] Command "source /usr/local/.recherche-cairn/Vivado-2013.2/Vivado_HLS/2013.2/common/technology/xilinx/common/virtex.gen "
@I [HLS-100] Command "source /usr/local/.recherche-cairn/Vivado-2013.2/Vivado_HLS/2013.2/common/technology/xilinx/common/xilinx.gen "
@I [HLS-100] Command "source /usr/local/.recherche-cairn/Vivado-2013.2/Vivado_HLS/2013.2/common/technology/xilinx/interface/plb46.gen "
@I [HLS-100] Command 'ap_source' returned 0; elapsed 0Total elapsed time: 0.556 sec.
@I [HLS-100] Command "source /usr/local/.recherche-cairn/Vivado-2013.2/Vivado_HLS/2013.2/common/technology/xilinx/interface/fsl.gen "
@I [HLS-100] Command 'ap_source' returned 0; elapsed 0Total elapsed time: 0.557 sec.
@I [HLS-100] Command "source /usr/local/.recherche-cairn/Vivado-2013.2/Vivado_HLS/2013.2/common/technology/xilinx/interface/axi4.gen "
@I [HLS-100] Command 'ap_source' returned 0; elapsed 0Total elapsed time: 0.560 sec.
@I [HLS-100] Command "source /usr/local/.recherche-cairn/Vivado-2013.2/Vivado_HLS/2013.2/common/technology/xilinx/scripts/xilinxcoregen.gen "
@I [HLS-100] Command 'ap_source' returned 0; elapsed 0Total elapsed time: 0.566 sec.
@I [HLS-100] Command "source /usr/local/.recherche-cairn/Vivado-2013.2/Vivado_HLS/2013.2/common/technology/xilinx/interface/XilEDKCoreGen.gen "
@I [HLS-100] Command 'ap_source' returned 0; elapsed 0.01Total elapsed time: 0.572 sec.
@I [HLS-100] Command "source /usr/local/.recherche-cairn/Vivado-2013.2/Vivado_HLS/2013.2/common/technology/xilinx/ip/util.gen "
@I [HLS-100] Command 'ap_source' returned 0; elapsed 0Total elapsed time: 0.574 sec.
@I [HLS-100] Command "source /usr/local/.recherche-cairn/Vivado-2013.2/Vivado_HLS/2013.2/common/technology/xilinx/ip/xfft.gen "
@I [HLS-100] Command 'ap_source' returned 0; elapsed 0.07Total elapsed time: 0.645 sec.
@I [HLS-100] Command 'ap_source' returned 0; elapsed 0.08Total elapsed time: 0.645 sec.
@I [HLS-100] Command "source /usr/local/.recherche-cairn/Vivado-2013.2/Vivado_HLS/2013.2/common/technology/xilinx/common/dsp48.gen "
@I [HLS-100] Command 'ap_source' returned 0; elapsed 0Total elapsed time: 0.647 sec.
@I [HLS-100] Command 'ap_source' returned 0; elapsed 0.09Total elapsed time: 0.647 sec.
@I [HLS-100] Command 'ap_source' returned 0; elapsed 0.09Total elapsed time: 0.647 sec.
@I [HLS-100] Command "open_platform DefaultPlatform "
@I [HLS-100] Command 'open_platform' returned 0; elapsed 0Total elapsed time: 0.648 sec.
@I [HLS-100] Command "import_lib /usr/local/.recherche-cairn/Vivado-2013.2/Vivado_HLS/2013.2/common/technology/xilinx/zynq/zynq_fpv6 "
@I [HLS-100] Command "source /usr/local/.recherche-cairn/Vivado-2013.2/Vivado_HLS/2013.2/common/technology/xilinx/common/xilinx_fpv7.lib "
@I [HLS-100] Command "source /usr/local/.recherche-cairn/Vivado-2013.2/Vivado_HLS/2013.2/common/technology/xilinx/common/xilinx_fpv6.lib "
@I [HLS-100] Command 'ap_source' returned 0; elapsed 0Total elapsed time: 0.652 sec.
@I [HLS-100] Command 'ap_source' returned 0; elapsed 0Total elapsed time: 0.653 sec.
@I [HLS-100] Command 'import_lib' returned 0; elapsed 0.01Total elapsed time: 0.661 sec.
@I [HLS-100] Command "source /usr/local/.recherche-cairn/Vivado-2013.2/Vivado_HLS/2013.2/common/technology/xilinx/zynq/zynq_fpv6.gen "
@I [HLS-100] Command "source /usr/local/.recherche-cairn/Vivado-2013.2/Vivado_HLS/2013.2/common/technology/xilinx/common/xilinx_fpv6.gen "
@I [HLS-100] Command 'ap_source' returned 0; elapsed 0Total elapsed time: 0.665 sec.
@I [HLS-100] Command 'ap_source' returned 0; elapsed 0Total elapsed time: 0.665 sec.
@I [HLS-100] Command "set_part xc7z010clg400-1 "
@I [HLS-100] Command "add_library xilinx/zynq/zynq:xc7z010:clg400:-1 "
@I [HLS-100] Command "get_default_platform "
@I [HLS-100] Command 'get_default_platform' returned 0; elapsed 0Total elapsed time: 0.669 sec.
@I [HLS-100] Command "license_exists VIVADO_HLS "
@I [HLS-100] Command 'license_exists' returned 0; elapsed 0Total elapsed time: 0.670 sec.
@I [HLS-100] Command "get_default_platform "
@I [HLS-100] Command 'get_default_platform' returned 0; elapsed 0Total elapsed time: 0.673 sec.
@I [HLS-100] Command "config_chip_info -quiet -resource  {SLICE 4400}   {LUT 17600}     {FF 35200}  {DSP48E 80}    {BRAM 120}  "
@I [HLS-100] Command 'config_chip_info' returned 0; elapsed 0Total elapsed time: 0.673 sec.
@I [HLS-100] Command "config_chip_info -quiet -speed slow "
@I [HLS-100] Command 'config_chip_info' returned 0; elapsed 0Total elapsed time: 0.673 sec.
@I [HLS-100] Command 'add_library' returned 0; elapsed 0Total elapsed time: 0.676 sec.
@I [HLS-100] Command "add_library xilinx/zynq/zynq_fpv6 "
@I [HLS-100] Command "get_default_platform "
@I [HLS-100] Command 'get_default_platform' returned 0; elapsed 0Total elapsed time: 0.677 sec.
@I [HLS-100] Command "license_exists VIVADO_HLS "
@I [HLS-100] Command 'license_exists' returned 0; elapsed 0Total elapsed time: 0.677 sec.
@I [HLS-100] Command 'add_library' returned 0; elapsed 0Total elapsed time: 0.680 sec.
@I [HLS-10] Setting target device to 'xc7z010clg400-1'
@I [HLS-100] Command 'set_part' returned 0; elapsed 0Total elapsed time: 0.680 sec.
@I [HLS-100] Command "get_default_platform "
@I [HLS-100] Command 'get_default_platform' returned 0; elapsed 0Total elapsed time: 0.680 sec.
@I [HLS-100] Command "config_chip_info -quiet -resource  {SLICE 4400}   {LUT 17600}     {FF 35200}  {DSP48E 80}    {BRAM 120}  "
@I [HLS-100] Command 'config_chip_info' returned 0; elapsed 0Total elapsed time: 0.680 sec.
@I [HLS-100] Command "config_chip_info -quiet -speed slow "
@I [HLS-100] Command 'config_chip_info' returned 0; elapsed 0Total elapsed time: 0.680 sec.
@I [HLS-100] Command 'open_solution' returned 0; elapsed 0.12Total elapsed time: 0.681 sec.
@I [HLS-100] Command "csim_design -setup "
@I [HLS-100] Command "source /users/deastir/mcaceres/Documents/VIVADO/TP_Vivado_HLS/TP_Vivado_HLS/gaussian/solution1/.autopilot/db/global.setting.tcl "
@I [HLS-100] Command 'ap_source' returned 0; elapsed 0Total elapsed time: 0.684 sec.
@I [HLS-100] Command "source csim/.lst_opt.tcl "
@I [HLS-100] Command 'ap_source' returned 0; elapsed 0Total elapsed time: 0.701 sec.
@I [SIM-1] CSim file generation done with 0 errors.
@I [HLS-100] Command 'csim_design' returned 0; elapsed 0.03Total elapsed time: 1.258 sec.
@I [HLS-100] Command "cleanup_all "
@I [HLS-100] Command 'cleanup_all' returned 0; elapsed 0Total elapsed time: 1.259 sec.
