

================================================================
== Vivado HLS Report for 'gaussian'
================================================================
* Date:           Tue Dec 13 13:04:11 2016

* Version:        2013.2 (build date: Thu Jun 13 16:07:59 PM 2013)
* Project:        gaussian
* Solution:       solution1
* Product family: zynq zynq_fpv6 
* Target device:  xc7z010clg400-1


================================================================
== Performance Estimates
================================================================
+ Timing (ns): 
    * Summary: 
    +---------+-------+----------+------------+
    |  Clock  | Target| Estimated| Uncertainty|
    +---------+-------+----------+------------+
    |default  |  10.00|      7.26|        1.25|
    +---------+-------+----------+------------+

+ Latency (clock cycles): 
    * Summary: 
    +----------+----------+----------+----------+---------+
    |       Latency       |       Interval      | Pipeline|
    |    min   |    max   |    min   |    max   |   Type  |
    +----------+----------+----------+----------+---------+
    |  74529769|  74529769|  74529770|  74529770|   none  |
    +----------+----------+----------+----------+---------+

    + Detail: 
        * Instance: 
        +-------------------------------+---------------------+----------+----------+----------+----------+---------+
        |                               |                     |       Latency       |       Interval      | Pipeline|
        |            Instance           |        Module       |    min   |    max   |    min   |    max   |   Type  |
        +-------------------------------+---------------------+----------+----------+----------+----------+---------+
        |grp_gaussian_scalarized_fu_15  |gaussian_scalarized  |  74529768|  74529768|  74529768|  74529768|   none  |
        +-------------------------------+---------------------+----------+----------+----------+----------+---------+

        * Loop: 
        N/A



================================================================
== Utilization Estimates
================================================================
* Summary: 
+-----------------+---------+-------+-------+-------+
|       Name      | BRAM_18K| DSP48E|   FF  |  LUT  |
+-----------------+---------+-------+-------+-------+
|Expression       |        -|      -|      -|      -|
|FIFO             |        -|      -|      -|      -|
|Instance         |        -|     16|   3344|   5336|
|Memory           |        -|      -|      -|      -|
|Multiplexer      |        -|      -|      -|      -|
|Register         |        -|      -|      2|      -|
|ShiftMemory      |        -|      -|      -|      -|
+-----------------+---------+-------+-------+-------+
|Total            |        0|     16|   3346|   5336|
+-----------------+---------+-------+-------+-------+
|Available        |      120|     80|  35200|  17600|
+-----------------+---------+-------+-------+-------+
|Utilization (%)  |        0|     20|      9|     30|
+-----------------+---------+-------+-------+-------+

+ Detail: 
    * Instance: 
    +-------------------------------+---------------------+---------+-------+------+------+
    |            Instance           |        Module       | BRAM_18K| DSP48E|  FF  |  LUT |
    +-------------------------------+---------------------+---------+-------+------+------+
    |grp_gaussian_scalarized_fu_15  |gaussian_scalarized  |        0|     16|  3344|  5336|
    +-------------------------------+---------------------+---------+-------+------+------+
    |Total                          |                     |        0|     16|  3344|  5336|
    +-------------------------------+---------------------+---------+-------+------+------+

    * Memory: 
    N/A

    * FIFO: 
    N/A

    * Shift register: 
    N/A

    * Expression: 
    N/A

    * Multiplexer: 
    N/A

    * Register: 
    +-----------------------------------------------------+---+-----+-----------+
    |                         Name                        | FF| Bits| Const Bits|
    +-----------------------------------------------------+---+-----+-----------+
    |ap_CS_fsm                                            |  1|    1|          0|
    |grp_gaussian_scalarized_fu_15_ap_start_ap_start_reg  |  1|    1|          0|
    +-----------------------------------------------------+---+-----+-----------+
    |Total                                                |  2|    2|          0|
    +-----------------------------------------------------+---+-----+-----------+



================================================================
== Interface
================================================================
* Summary: 
+----------------+-----+-----+------------+--------------+--------------+
|    RTL Ports   | Dir | Bits|  Protocol  | Source Object|    C Type    |
+----------------+-----+-----+------------+--------------+--------------+
|ap_clk          |  in |    1| ap_ctrl_hs |   gaussian   | return value |
|ap_rst          |  in |    1| ap_ctrl_hs |   gaussian   | return value |
|ap_start        |  in |    1| ap_ctrl_hs |   gaussian   | return value |
|ap_done         | out |    1| ap_ctrl_hs |   gaussian   | return value |
|ap_idle         | out |    1| ap_ctrl_hs |   gaussian   | return value |
|ap_ready        | out |    1| ap_ctrl_hs |   gaussian   | return value |
|in_r_address0   | out |   21|  ap_memory |     in_r     |     array    |
|in_r_ce0        | out |    1|  ap_memory |     in_r     |     array    |
|in_r_q0         |  in |   16|  ap_memory |     in_r     |     array    |
|in_r_address1   | out |   21|  ap_memory |     in_r     |     array    |
|in_r_ce1        | out |    1|  ap_memory |     in_r     |     array    |
|in_r_q1         |  in |   16|  ap_memory |     in_r     |     array    |
|out_r_address0  | out |   21|  ap_memory |     out_r    |     array    |
|out_r_ce0       | out |    1|  ap_memory |     out_r    |     array    |
|out_r_we0       | out |    1|  ap_memory |     out_r    |     array    |
|out_r_d0        | out |   16|  ap_memory |     out_r    |     array    |
+----------------+-----+-----+------------+--------------+--------------+

============================================================
+ Verbose Summary: Synthesis Manager
============================================================
InlineROM: 1
ExposeGlobal: 0
============================================================
+ Verbose Summary: CDFG Model
============================================================
IsTopModel: 1
ResetActiveHigh: 1
IsCombinational: 2
IsDatapathOnly: 2
HasWiredReturn: 1
HasMFsm: 0
HasVarLatency: 1
IsPipeline: 0
IsRtlPipelined: 0
IsInstanceOverlapped: 0
IsDontTouch: 0
HasImplIP: 0
IsGatedGlobalClock: 0


============================================================
+ Verbose Summary: Schedule
============================================================
* Number of FSM states: 2
* Pipeline: 0
* Dataflow Pipeline: 0

* FSM state transitions: 
1 --> 
	2  / true
2 --> 
* FSM state operations: 

 <State 1>: 0.00ns
ST_1: stg_3 [2/2] 0.00ns
entry:2  call fastcc void @gaussian_scalarized([2073600 x i16]* nocapture %in_r, [2073600 x i16]* nocapture %out_r) nounwind


 <State 2>: 0.00ns
ST_2: stg_4 [1/1] 0.00ns
entry:0  call void (...)* @_ssdm_op_SpecMem([2073600 x i16]* %in_r, [10 x i8]* @p_str9, i32 0, i32 0, i32 0, [1 x i8]* @p_str110) nounwind

ST_2: stg_5 [1/1] 0.00ns
entry:1  call void (...)* @_ssdm_op_SpecMem([2073600 x i16]* %out_r, [10 x i8]* @p_str9, i32 0, i32 0, i32 0, [1 x i8]* @p_str110) nounwind

ST_2: stg_6 [1/2] 0.00ns
entry:2  call fastcc void @gaussian_scalarized([2073600 x i16]* nocapture %in_r, [2073600 x i16]* nocapture %out_r) nounwind

ST_2: stg_7 [1/1] 0.00ns
entry:3  ret void



============================================================
+ Verbose Summary: Binding
============================================================
STG Binding: 
---------------- STG Properties BEGIN ----------------
- Is combinational: 0
- Is one-state seq: 0
- Is datapath-only: 0
- Is clock enabled: 0
- Is pipelined: 0
- Is top level: 1
Port [ Return ] is wired: 1; IO mode=ap_ctrl_hs:ce=0
Port [ in_r]:  wired=0; compound=1; hidden=0; nouse=0; global=0; static=0; extern=0; dir=0; type=2; mode=0x3d84ad0; pingpong=0; private_global=0; MemPort=[11]; IO mode=ap_memory:ce=0
Port [ out_r]:  wired=1; compound=1; hidden=0; nouse=0; global=0; static=0; extern=0; dir=1; type=2; mode=0x3f1ef70; pingpong=0; private_global=0; MemPort=[03]; IO mode=ap_memory:ce=0
---------------- STG Properties END ------------------

---------------- Datapath Model BEGIN ----------------

<LifeTime>
<method=bitvector/>
stg_4 (specmem) [ 000]
stg_5 (specmem) [ 000]
stg_6 (call   ) [ 000]
stg_7 (ret    ) [ 000]
</LifeTime>

<model>

<comp_list>
<comp id="0" class="1000" name="in_r">
<pin_list>
<pin id="1" dir="1" index="0" bw="1" slack="0"/>
</pin_list>
<bind>
<StgValue><ssdm name="in_r"/><MemPortTyVec>1 1 </MemPortTyVec>
</StgValue>
</bind>
</comp>

<comp id="2" class="1000" name="out_r">
<pin_list>
<pin id="3" dir="1" index="0" bw="1" slack="0"/>
</pin_list>
<bind>
<StgValue><ssdm name="out_r"/><MemPortTyVec>0 3 </MemPortTyVec>
</StgValue>
</bind>
</comp>

<comp id="4" class="1001" name="const_4">
<pin_list>
<pin id="5" dir="1" index="0" bw="1" slack="0"/>
</pin_list>
<bind>
<StgValue><ssdm name="gaussian_scalarized"/></StgValue>
</bind>
</comp>

<comp id="6" class="1001" name="const_6">
<pin_list>
<pin id="7" dir="1" index="0" bw="1" slack="2147483647"/>
</pin_list>
<bind>
<StgValue><ssdm name="_ssdm_op_SpecMem"/></StgValue>
</bind>
</comp>

<comp id="8" class="1001" name="const_8">
<pin_list>
<pin id="9" dir="1" index="0" bw="1" slack="2147483647"/>
</pin_list>
<bind>
<StgValue><ssdm name="p_str9"/></StgValue>
</bind>
</comp>

<comp id="10" class="1001" name="const_10">
<pin_list>
<pin id="11" dir="1" index="0" bw="1" slack="2147483647"/>
</pin_list>
<bind>
<StgValue><ssdm name=""/></StgValue>
</bind>
</comp>

<comp id="12" class="1001" name="const_12">
<pin_list>
<pin id="13" dir="1" index="0" bw="1" slack="2147483647"/>
</pin_list>
<bind>
<StgValue><ssdm name="p_str110"/></StgValue>
</bind>
</comp>

<comp id="15" class="1004" name="grp_gaussian_scalarized_fu_15">
<pin_list>
<pin id="16" dir="0" index="0" bw="0" slack="0"/>
<pin id="17" dir="0" index="1" bw="16" slack="0"/>
<pin id="18" dir="0" index="2" bw="16" slack="0"/>
<pin id="19" dir="1" index="3" bw="0" slack="2147483647"/>
</pin_list>
<bind>
<opcode="call(45) " fcode="call"/>
<opset="stg_3/1 "/>
</bind>
</comp>

</comp_list>

<net_list>
<net id="20"><net_src comp="4" pin="0"/><net_sink comp="15" pin=0"/></net>

<net id="21"><net_src comp="0" pin="0"/><net_sink comp="15" pin=1"/></net>

<net id="22"><net_src comp="2" pin="0"/><net_sink comp="15" pin=2"/></net>

</net_list>

</model> 
---------------- Datapath Model END ------------------

* FSMD analyzer results:
  - Output states:
  - Chain level:
	State 1
	State 2


============================================================
+ Verbose Summary: Datapath Resource usage 
============================================================

* Functional unit list:
|----------|-------------------------------|---------|---------|---------|---------|
| Operation|        Functional Unit        |  DSP48E |  Delay  |    FF   |   LUT   |
|----------|-------------------------------|---------|---------|---------|---------|
|   call   | grp_gaussian_scalarized_fu_15 |    16   | 21.5049 |   4157  |   5316  |
|----------|-------------------------------|---------|---------|---------|---------|
|   Total  |                               |    16   | 21.5049 |   4157  |   5316  |
|----------|-------------------------------|---------|---------|---------|---------|

Memories:
N/A

* Register list:
N/A

* Multiplexer (MUX) list: 
|--------|------|------|------|--------|
|  Comp  |  Pin | Size |  BW  | S x BW |
|--------|------|------|------|--------|
|  Total |      |      |      |    0   |
|--------|------|------|------|--------|



* Summary:
+-----------+--------+--------+--------+--------+
|           | DSP48E |  Delay |   FF   |   LUT  |
+-----------+--------+--------+--------+--------+
|  Function |   16   |   21   |  4157  |  5316  |
|   Memory  |    -   |    -   |    -   |    -   |
|Multiplexer|    -   |    -   |    -   |    -   |
|  Register |    -   |    -   |    -   |    -   |
+-----------+--------+--------+--------+--------+
|   Total   |   16   |   21   |  4157  |  5316  |
+-----------+--------+--------+--------+--------+
