

================================================================
== Vivado HLS Report for 'gaussian'
================================================================
* Date:           Tue Dec 13 11:36:07 2016

* Version:        2013.2 (build date: Thu Jun 13 16:07:59 PM 2013)
* Project:        gaussian
* Solution:       solution1
* Product family: zynq zynq_fpv6 
* Target device:  xc7z010clg400-1


================================================================
== Performance Estimates
================================================================
+ Timing (ns): 
    * Summary: 
    +---------+-------+----------+------------+
    |  Clock  | Target| Estimated| Uncertainty|
    +---------+-------+----------+------------+
    |default  |  10.00|      7.26|        1.25|
    +---------+-------+----------+------------+

+ Latency (clock cycles): 
    * Summary: 
    +---------+---------+---------+---------+---------+
    |      Latency      |      Interval     | Pipeline|
    |   min   |   max   |   min   |   max   |   Type  |
    +---------+---------+---------+---------+---------+
    |  4205944|  4205944|  4205945|  4205945|   none  |
    +---------+---------+---------+---------+---------+

    + Detail: 
        * Instance: 
        +-------------------------------+---------------------+---------+---------+---------+---------+---------+
        |                               |                     |      Latency      |      Interval     | Pipeline|
        |            Instance           |        Module       |   min   |   max   |   min   |   max   |   Type  |
        +-------------------------------+---------------------+---------+---------+---------+---------+---------+
        |grp_gaussian_scalarized_fu_15  |gaussian_scalarized  |  4205943|  4205943|  4205943|  4205943|   none  |
        +-------------------------------+---------------------+---------+---------+---------+---------+---------+

        * Loop: 
        N/A



================================================================
== Utilization Estimates
================================================================
* Summary: 
+-----------------+---------+-------+-------+-------+
|       Name      | BRAM_18K| DSP48E|   FF  |  LUT  |
+-----------------+---------+-------+-------+-------+
|Expression       |        -|      -|      -|      -|
|FIFO             |        -|      -|      -|      -|
|Instance         |        -|     16|   3521|   5487|
|Memory           |        -|      -|      -|      -|
|Multiplexer      |        -|      -|      -|      -|
|Register         |        -|      -|      2|      -|
|ShiftMemory      |        -|      -|      -|      -|
+-----------------+---------+-------+-------+-------+
|Total            |        0|     16|   3523|   5487|
+-----------------+---------+-------+-------+-------+
|Available        |      120|     80|  35200|  17600|
+-----------------+---------+-------+-------+-------+
|Utilization (%)  |        0|     20|     10|     31|
+-----------------+---------+-------+-------+-------+

+ Detail: 
    * Instance: 
    +-------------------------------+---------------------+---------+-------+------+------+
    |            Instance           |        Module       | BRAM_18K| DSP48E|  FF  |  LUT |
    +-------------------------------+---------------------+---------+-------+------+------+
    |grp_gaussian_scalarized_fu_15  |gaussian_scalarized  |        0|     16|  3521|  5487|
    +-------------------------------+---------------------+---------+-------+------+------+
    |Total                          |                     |        0|     16|  3521|  5487|
    +-------------------------------+---------------------+---------+-------+------+------+

    * Memory: 
    N/A

    * FIFO: 
    N/A

    * Shift register: 
    N/A

    * Expression: 
    N/A

    * Multiplexer: 
    N/A

    * Register: 
    +-----------------------------------------------------+---+-----+-----------+
    |                         Name                        | FF| Bits| Const Bits|
    +-----------------------------------------------------+---+-----+-----------+
    |ap_CS_fsm                                            |  1|    1|          0|
    |grp_gaussian_scalarized_fu_15_ap_start_ap_start_reg  |  1|    1|          0|
    +-----------------------------------------------------+---+-----+-----------+
    |Total                                                |  2|    2|          0|
    +-----------------------------------------------------+---+-----+-----------+



================================================================
== Interface
================================================================
* Summary: 
+----------------+-----+-----+------------+--------------+--------------+
|    RTL Ports   | Dir | Bits|  Protocol  | Source Object|    C Type    |
+----------------+-----+-----+------------+--------------+--------------+
|ap_clk          |  in |    1| ap_ctrl_hs |   gaussian   | return value |
|ap_rst          |  in |    1| ap_ctrl_hs |   gaussian   | return value |
|ap_start        |  in |    1| ap_ctrl_hs |   gaussian   | return value |
|ap_done         | out |    1| ap_ctrl_hs |   gaussian   | return value |
|ap_idle         | out |    1| ap_ctrl_hs |   gaussian   | return value |
|ap_ready        | out |    1| ap_ctrl_hs |   gaussian   | return value |
|in_r_address0   | out |   21|  ap_memory |     in_r     |     array    |
|in_r_ce0        | out |    1|  ap_memory |     in_r     |     array    |
|in_r_q0         |  in |   16|  ap_memory |     in_r     |     array    |
|in_r_address1   | out |   21|  ap_memory |     in_r     |     array    |
|in_r_ce1        | out |    1|  ap_memory |     in_r     |     array    |
|in_r_q1         |  in |   16|  ap_memory |     in_r     |     array    |
|out_r_address0  | out |   21|  ap_memory |     out_r    |     array    |
|out_r_ce0       | out |    1|  ap_memory |     out_r    |     array    |
|out_r_we0       | out |    1|  ap_memory |     out_r    |     array    |
|out_r_d0        | out |   16|  ap_memory |     out_r    |     array    |
+----------------+-----+-----+------------+--------------+--------------+

