================================================================
  Vivado(TM) HLS - High-Level Synthesis from C, C++ and SystemC
  Version: 2013.2
  Build date: Thu Jun 13 16:07:59 PM 2013
  Copyright (C) 2013 Xilinx Inc. All rights reserved.
================================================================
@I [HLS-10] Running '/usr/local/Vivado-2013.2/Vivado_HLS/2013.2/Linux_x86_64/bin/vivado_hls_bin'
            for user 'mcaceres' on host 'abe-a-28' (Linux_x86_64 version 3.2.0-116-generic) on Mon Dec 05 10:35:47 CET 2016
            in directory '/users/deastir/mcaceres/Documents/VIVADO/TP_Vivado_HLS/TP_Vivado_HLS'
@I [HLS-10] Bringing up Vivado HLS GUI ... 
Starting C synthesis ...
/usr/local/.recherche-cairn/Vivado-2013.2/Vivado_HLS/2013.2/Linux_x86_64/bin/vivado_hls_bin /users/deastir/mcaceres/Documents/VIVADO/TP_Vivado_HLS/TP_Vivado_HLS/gaussian/solution1/csynth.tcl
@I [LIC-101] Checked out feature [VIVADO_HLS]
@I [HLS-10] Running '/usr/local/.recherche-cairn/Vivado-2013.2/Vivado_HLS/2013.2/Linux_x86_64/bin/vivado_hls_bin'
            for user 'mcaceres' on host 'abe-a-28' (Linux_x86_64 version 3.2.0-116-generic) on Mon Dec 05 10:55:01 CET 2016
            in directory '/users/deastir/mcaceres/Documents/VIVADO/TP_Vivado_HLS/TP_Vivado_HLS'
@I [HLS-10] Opening project '/users/deastir/mcaceres/Documents/VIVADO/TP_Vivado_HLS/TP_Vivado_HLS/gaussian'.
@I [HLS-10] Adding design file 'src/gaussian.cpp' to the project.
@I [HLS-10] Adding design file 'src/gaussian_1line.cpp' to the project.
@I [HLS-10] Adding design file 'src/gaussian_3x3.cpp' to the project.
@I [HLS-10] Adding design file 'src/gaussian_caching.cpp' to the project.
@I [HLS-10] Adding design file 'src/gaussian_fixedPoint.cpp' to the project.
@I [HLS-10] Adding design file 'src/gaussian_loopFusion.cpp' to the project.
@I [HLS-10] Adding design file 'src/gaussian_scalarized.cpp' to the project.
@I [HLS-10] Adding design file 'src/gaussian_sep.cpp' to the project.
@I [HLS-10] Adding design file 'src/globals.h' to the project.
@I [HLS-10] Adding test bench file 'test/test.cpp' to the project.
@I [HLS-10] Opening solution '/users/deastir/mcaceres/Documents/VIVADO/TP_Vivado_HLS/TP_Vivado_HLS/gaussian/solution1'.
@I [SYN-201] Setting up clock 'default' with a period of 10ns.
@I [HLS-10] Setting target device to 'xc7z010clg400-1'
@I [HLS-10] Importing test bench file 'test/test.cpp' ... 
@I [HLS-10] 'globals.h' is skipped compilation; only files with extensions '.c|.C|.cc|.cpp|.c++|.cp|.cxx' are compiled.
@I [HLS-10] Analyzing design file 'src/gaussian_sep.cpp' ... 
@I [HLS-10] Analyzing design file 'src/gaussian_scalarized.cpp' ... 
@I [HLS-10] Analyzing design file 'src/gaussian_loopFusion.cpp' ... 
@I [HLS-10] Analyzing design file 'src/gaussian_fixedPoint.cpp' ... 
@I [HLS-10] Analyzing design file 'src/gaussian_caching.cpp' ... 
@I [HLS-10] Analyzing design file 'src/gaussian_3x3.cpp' ... 
@I [HLS-10] Analyzing design file 'src/gaussian_1line.cpp' ... 
@I [HLS-10] Analyzing design file 'src/gaussian.cpp' ... 
@I [HLS-10] Validating synthesis directives ...
@I [HLS-10] Checking synthesizability ...
@I [HLS-10] Starting code transformations ...
@I [HLS-111] Elapsed time: 1.84 seconds; current memory usage: 48.6 MB.
@I [HLS-10] Starting hardware synthesis ...
@I [HLS-10] Synthesizing 'gaussian' ...
@W [RTGEN-101] Legalizing port name 'gaussian_sep/in' to 'gaussian_sep/in_r'.
@W [RTGEN-101] Legalizing port name 'gaussian_sep/out' to 'gaussian_sep/out_r'.
@W [RTGEN-101] Legalizing port name 'gaussian/in' to 'gaussian/in_r'.
@W [RTGEN-101] Legalizing port name 'gaussian/out' to 'gaussian/out_r'.
@I [HLS-10] ----------------------------------------------------------------
@I [HLS-10] -- Scheduling module 'gaussian_sep' 
@I [HLS-10] ----------------------------------------------------------------
@I [SCHED-11] Starting scheduling ...
@I [SCHED-11] Finished scheduling.
@I [HLS-111] Elapsed time: 0.12 seconds; current memory usage: 49.3 MB.
@I [HLS-10] ----------------------------------------------------------------
@I [HLS-10] -- Exploring micro-architecture for module 'gaussian_sep' 
@I [HLS-10] ----------------------------------------------------------------
@I [BIND-100] Starting micro-architecture binding ...
@I [BIND-101] Performing variable lifetime analysis.
@I [BIND-101] Exploring resource sharing.
@I [BIND-101] Binding resource limited operations ...
@I [BIND-100] Finished micro-architecture binding.
@I [HLS-111] Elapsed time: 0.02 seconds; current memory usage: 49.9 MB.
@I [HLS-10] ----------------------------------------------------------------
@I [HLS-10] -- Scheduling module 'gaussian' 
@I [HLS-10] ----------------------------------------------------------------
@I [SCHED-11] Starting scheduling ...
@I [SCHED-11] Finished scheduling.
@I [HLS-111] Elapsed time: 0.02 seconds; current memory usage: 49.9 MB.
@I [HLS-10] ----------------------------------------------------------------
@I [HLS-10] -- Exploring micro-architecture for module 'gaussian' 
@I [HLS-10] ----------------------------------------------------------------
@I [BIND-100] Starting micro-architecture binding ...
@I [BIND-101] Performing variable lifetime analysis.
@I [BIND-101] Exploring resource sharing.
@I [BIND-101] Binding resource limited operations ...
@I [BIND-100] Finished micro-architecture binding.
@I [HLS-111] Elapsed time: 0.01 seconds; current memory usage: 50 MB.
@I [HLS-10] ----------------------------------------------------------------
@I [HLS-10] -- Generating RTL for module 'gaussian_sep' 
@I [HLS-10] ----------------------------------------------------------------
@I [RTGEN-100] Module generated: gaussian_fadd_32ns_32ns_32_5_full_dsp|gaussian_fadd_32ns_32ns_32_5_full_dsp_U1.
@I [RTGEN-100] Module generated: gaussian_fmul_32ns_32ns_32_4_max_dsp|gaussian_fmul_32ns_32ns_32_4_max_dsp_U2.
@I [RTGEN-100] Module generated: gaussian_fmul_32ns_32ns_32_4_max_dsp|gaussian_fmul_32ns_32ns_32_4_max_dsp_U3.
@I [RTGEN-100] Module generated: gaussian_fptoui_32ns_64_4|gaussian_fptoui_32ns_64_4_U4.
@I [RTGEN-100] Module generated: gaussian_sitofp_64ns_32_6|gaussian_sitofp_64ns_32_6_U5.
@I [RTGEN-100] Module generated: gaussian_sitofp_64ns_32_6|gaussian_sitofp_64ns_32_6_U6.
@I [RTGEN-100] Finished creating RTL model for 'gaussian_sep'.
@I [HLS-111] Elapsed time: 0.04 seconds; current memory usage: 50.8 MB.
@I [HLS-10] ----------------------------------------------------------------
@I [HLS-10] -- Generating RTL for module 'gaussian' 
@I [HLS-10] ----------------------------------------------------------------
@I [RTGEN-500] Setting interface mode on port 'gaussian/in_r' to 'ap_memory'.
@I [RTGEN-500] Setting interface mode on port 'gaussian/out_r' to 'ap_memory'.
@I [RTGEN-500] Setting interface mode on function 'gaussian' to 'ap_ctrl_hs'.
@I [RTGEN-100] Finished creating RTL model for 'gaussian'.
@I [HLS-111] Elapsed time: 0.09 seconds; current memory usage: 52.5 MB.
@W [RTMG-276] Only power-on reset is supported for RAM 'gaussian_sep_tmp'.
@I [RTMG-278] Implementing memory 'gaussian_sep_tmp_ram' using block RAMs.
Starting C synthesis ...
/usr/local/.recherche-cairn/Vivado-2013.2/Vivado_HLS/2013.2/Linux_x86_64/bin/vivado_hls_bin /users/deastir/mcaceres/Documents/VIVADO/TP_Vivado_HLS/TP_Vivado_HLS/gaussian/solution1/csynth.tcl
@I [LIC-101] Checked out feature [VIVADO_HLS]
@I [HLS-10] Running '/usr/local/.recherche-cairn/Vivado-2013.2/Vivado_HLS/2013.2/Linux_x86_64/bin/vivado_hls_bin'
            for user 'mcaceres' on host 'abe-a-28' (Linux_x86_64 version 3.2.0-116-generic) on Mon Dec 05 11:02:43 CET 2016
            in directory '/users/deastir/mcaceres/Documents/VIVADO/TP_Vivado_HLS/TP_Vivado_HLS'
@I [HLS-10] Opening project '/users/deastir/mcaceres/Documents/VIVADO/TP_Vivado_HLS/TP_Vivado_HLS/gaussian'.
@I [HLS-10] Adding design file 'src/globals.h' to the project.
@I [HLS-10] Adding design file 'src/gaussian_sep.cpp' to the project.
@I [HLS-10] Adding design file 'src/gaussian_scalarized.cpp' to the project.
@I [HLS-10] Adding design file 'src/gaussian_loopFusion.cpp' to the project.
@I [HLS-10] Adding design file 'src/gaussian_fixedPoint.cpp' to the project.
@I [HLS-10] Adding design file 'src/gaussian_caching.cpp' to the project.
@I [HLS-10] Adding design file 'src/gaussian_3x3.cpp' to the project.
@I [HLS-10] Adding design file 'src/gaussian_1line.cpp' to the project.
@I [HLS-10] Adding design file 'src/gaussian.cpp' to the project.
@I [HLS-10] Adding test bench file 'test/test.cpp' to the project.
@I [HLS-10] Opening solution '/users/deastir/mcaceres/Documents/VIVADO/TP_Vivado_HLS/TP_Vivado_HLS/gaussian/solution1'.
@I [SYN-201] Setting up clock 'default' with a period of 10ns.
@I [HLS-10] Setting target device to 'xc7z010clg400-1'
@I [HLS-10] Importing test bench file 'test/test.cpp' ... 
@I [HLS-10] Analyzing design file 'src/gaussian.cpp' ... 
@I [HLS-10] Analyzing design file 'src/gaussian_1line.cpp' ... 
@I [HLS-10] Analyzing design file 'src/gaussian_3x3.cpp' ... 
@I [HLS-10] Analyzing design file 'src/gaussian_caching.cpp' ... 
@I [HLS-10] Analyzing design file 'src/gaussian_fixedPoint.cpp' ... 
@I [HLS-10] Analyzing design file 'src/gaussian_loopFusion.cpp' ... 
@I [HLS-10] Analyzing design file 'src/gaussian_scalarized.cpp' ... 
@I [HLS-10] Analyzing design file 'src/gaussian_sep.cpp' ... 
@I [HLS-10] 'globals.h' is skipped compilation; only files with extensions '.c|.C|.cc|.cpp|.c++|.cp|.cxx' are compiled.
@I [HLS-10] Validating synthesis directives ...
@I [HLS-10] Checking synthesizability ...
@I [HLS-10] Starting code transformations ...
@I [HLS-111] Elapsed time: 1.94 seconds; current memory usage: 48.6 MB.
@I [HLS-10] Starting hardware synthesis ...
@I [HLS-10] Synthesizing 'gaussian' ...
@W [RTGEN-101] Legalizing port name 'gaussian_sep/in' to 'gaussian_sep/in_r'.
@W [RTGEN-101] Legalizing port name 'gaussian_sep/out' to 'gaussian_sep/out_r'.
@W [RTGEN-101] Legalizing port name 'gaussian/in' to 'gaussian/in_r'.
@W [RTGEN-101] Legalizing port name 'gaussian/out' to 'gaussian/out_r'.
@I [HLS-10] ----------------------------------------------------------------
@I [HLS-10] -- Scheduling module 'gaussian_sep' 
@I [HLS-10] ----------------------------------------------------------------
@I [SCHED-11] Starting scheduling ...
@I [SCHED-11] Finished scheduling.
@I [HLS-111] Elapsed time: 0.12 seconds; current memory usage: 49.3 MB.
@I [HLS-10] ----------------------------------------------------------------
@I [HLS-10] -- Exploring micro-architecture for module 'gaussian_sep' 
@I [HLS-10] ----------------------------------------------------------------
@I [BIND-100] Starting micro-architecture binding ...
@I [BIND-101] Performing variable lifetime analysis.
@I [BIND-101] Exploring resource sharing.
@I [BIND-101] Binding resource limited operations ...
@I [BIND-100] Finished micro-architecture binding.
@I [HLS-111] Elapsed time: 0.02 seconds; current memory usage: 49.9 MB.
@I [HLS-10] ----------------------------------------------------------------
@I [HLS-10] -- Scheduling module 'gaussian' 
@I [HLS-10] ----------------------------------------------------------------
@I [SCHED-11] Starting scheduling ...
@I [SCHED-11] Finished scheduling.
@I [HLS-111] Elapsed time: 0.02 seconds; current memory usage: 49.9 MB.
@I [HLS-10] ----------------------------------------------------------------
@I [HLS-10] -- Exploring micro-architecture for module 'gaussian' 
@I [HLS-10] ----------------------------------------------------------------
@I [BIND-100] Starting micro-architecture binding ...
@I [BIND-101] Performing variable lifetime analysis.
@I [BIND-101] Exploring resource sharing.
@I [BIND-101] Binding resource limited operations ...
@I [BIND-100] Finished micro-architecture binding.
@I [HLS-111] Elapsed time: 0.01 seconds; current memory usage: 50 MB.
@I [HLS-10] ----------------------------------------------------------------
@I [HLS-10] -- Generating RTL for module 'gaussian_sep' 
@I [HLS-10] ----------------------------------------------------------------
@I [RTGEN-100] Module generated: gaussian_fadd_32ns_32ns_32_5_full_dsp|gaussian_fadd_32ns_32ns_32_5_full_dsp_U1.
@I [RTGEN-100] Module generated: gaussian_fmul_32ns_32ns_32_4_max_dsp|gaussian_fmul_32ns_32ns_32_4_max_dsp_U2.
@I [RTGEN-100] Module generated: gaussian_fmul_32ns_32ns_32_4_max_dsp|gaussian_fmul_32ns_32ns_32_4_max_dsp_U3.
@I [RTGEN-100] Module generated: gaussian_fptoui_32ns_64_4|gaussian_fptoui_32ns_64_4_U4.
@I [RTGEN-100] Module generated: gaussian_sitofp_64ns_32_6|gaussian_sitofp_64ns_32_6_U5.
@I [RTGEN-100] Module generated: gaussian_sitofp_64ns_32_6|gaussian_sitofp_64ns_32_6_U6.
@I [RTGEN-100] Finished creating RTL model for 'gaussian_sep'.
@I [HLS-111] Elapsed time: 0.03 seconds; current memory usage: 50.8 MB.
@I [HLS-10] ----------------------------------------------------------------
@I [HLS-10] -- Generating RTL for module 'gaussian' 
@I [HLS-10] ----------------------------------------------------------------
@I [RTGEN-500] Setting interface mode on port 'gaussian/in_r' to 'ap_memory'.
@I [RTGEN-500] Setting interface mode on port 'gaussian/out_r' to 'ap_memory'.
@I [RTGEN-500] Setting interface mode on function 'gaussian' to 'ap_ctrl_hs'.
@I [RTGEN-100] Finished creating RTL model for 'gaussian'.
@I [HLS-111] Elapsed time: 0.11 seconds; current memory usage: 52.5 MB.
@W [RTMG-276] Only power-on reset is supported for RAM 'gaussian_sep_tmp'.
@I [RTMG-278] Implementing memory 'gaussian_sep_tmp_ram' using block RAMs.
Starting C synthesis ...
/usr/local/.recherche-cairn/Vivado-2013.2/Vivado_HLS/2013.2/Linux_x86_64/bin/vivado_hls_bin /users/deastir/mcaceres/Documents/VIVADO/TP_Vivado_HLS/TP_Vivado_HLS/gaussian/solution1/csynth.tcl
@I [LIC-101] Checked out feature [VIVADO_HLS]
@I [HLS-10] Running '/usr/local/.recherche-cairn/Vivado-2013.2/Vivado_HLS/2013.2/Linux_x86_64/bin/vivado_hls_bin'
            for user 'mcaceres' on host 'abe-a-28' (Linux_x86_64 version 3.2.0-116-generic) on Mon Dec 05 11:38:27 CET 2016
            in directory '/users/deastir/mcaceres/Documents/VIVADO/TP_Vivado_HLS/TP_Vivado_HLS'
@I [HLS-10] Opening project '/users/deastir/mcaceres/Documents/VIVADO/TP_Vivado_HLS/TP_Vivado_HLS/gaussian'.
@I [HLS-10] Adding design file 'src/gaussian.cpp' to the project.
@I [HLS-10] Adding design file 'src/gaussian_1line.cpp' to the project.
@I [HLS-10] Adding design file 'src/gaussian_3x3.cpp' to the project.
@I [HLS-10] Adding design file 'src/gaussian_caching.cpp' to the project.
@I [HLS-10] Adding design file 'src/gaussian_fixedPoint.cpp' to the project.
@I [HLS-10] Adding design file 'src/gaussian_loopFusion.cpp' to the project.
@I [HLS-10] Adding design file 'src/gaussian_scalarized.cpp' to the project.
@I [HLS-10] Adding design file 'src/gaussian_sep.cpp' to the project.
@I [HLS-10] Adding design file 'src/globals.h' to the project.
@I [HLS-10] Adding test bench file 'test/test.cpp' to the project.
@I [HLS-10] Opening solution '/users/deastir/mcaceres/Documents/VIVADO/TP_Vivado_HLS/TP_Vivado_HLS/gaussian/solution1'.
@I [SYN-201] Setting up clock 'default' with a period of 10ns.
@I [HLS-10] Setting target device to 'xc7z010clg400-1'
@I [HLS-10] Importing test bench file 'test/test.cpp' ... 
@I [HLS-10] 'globals.h' is skipped compilation; only files with extensions '.c|.C|.cc|.cpp|.c++|.cp|.cxx' are compiled.
@I [HLS-10] Analyzing design file 'src/gaussian_sep.cpp' ... 
@I [HLS-10] Analyzing design file 'src/gaussian_scalarized.cpp' ... 
@I [HLS-10] Analyzing design file 'src/gaussian_loopFusion.cpp' ... 
@I [HLS-10] Analyzing design file 'src/gaussian_fixedPoint.cpp' ... 
@I [HLS-10] Analyzing design file 'src/gaussian_caching.cpp' ... 
@I [HLS-10] Analyzing design file 'src/gaussian_3x3.cpp' ... 
@I [HLS-10] Analyzing design file 'src/gaussian_1line.cpp' ... 
@I [HLS-10] Analyzing design file 'src/gaussian.cpp' ... 
@I [HLS-10] Validating synthesis directives ...
@I [HLS-10] Checking synthesizability ...
@I [HLS-10] Starting code transformations ...
@I [HLS-111] Elapsed time: 1.81 seconds; current memory usage: 48.6 MB.
@I [HLS-10] Starting hardware synthesis ...
@I [HLS-10] Synthesizing 'gaussian' ...
@W [RTGEN-101] Legalizing port name 'gaussian_sep/in' to 'gaussian_sep/in_r'.
@W [RTGEN-101] Legalizing port name 'gaussian_sep/out' to 'gaussian_sep/out_r'.
@W [RTGEN-101] Legalizing port name 'gaussian/in' to 'gaussian/in_r'.
@W [RTGEN-101] Legalizing port name 'gaussian/out' to 'gaussian/out_r'.
@I [HLS-10] ----------------------------------------------------------------
@I [HLS-10] -- Scheduling module 'gaussian_sep' 
@I [HLS-10] ----------------------------------------------------------------
@I [SCHED-11] Starting scheduling ...
@I [SCHED-11] Finished scheduling.
@I [HLS-111] Elapsed time: 0.12 seconds; current memory usage: 49.3 MB.
@I [HLS-10] ----------------------------------------------------------------
@I [HLS-10] -- Exploring micro-architecture for module 'gaussian_sep' 
@I [HLS-10] ----------------------------------------------------------------
@I [BIND-100] Starting micro-architecture binding ...
@I [BIND-101] Performing variable lifetime analysis.
@I [BIND-101] Exploring resource sharing.
@I [BIND-101] Binding resource limited operations ...
@I [BIND-100] Finished micro-architecture binding.
@I [HLS-111] Elapsed time: 0.03 seconds; current memory usage: 49.9 MB.
@I [HLS-10] ----------------------------------------------------------------
@I [HLS-10] -- Scheduling module 'gaussian' 
@I [HLS-10] ----------------------------------------------------------------
@I [SCHED-11] Starting scheduling ...
@I [SCHED-11] Finished scheduling.
@I [HLS-111] Elapsed time: 0.03 seconds; current memory usage: 49.9 MB.
@I [HLS-10] ----------------------------------------------------------------
@I [HLS-10] -- Exploring micro-architecture for module 'gaussian' 
@I [HLS-10] ----------------------------------------------------------------
@I [BIND-100] Starting micro-architecture binding ...
@I [BIND-101] Performing variable lifetime analysis.
@I [BIND-101] Exploring resource sharing.
@I [BIND-101] Binding resource limited operations ...
@I [BIND-100] Finished micro-architecture binding.
@I [HLS-111] Elapsed time: 0.01 seconds; current memory usage: 50 MB.
@I [HLS-10] ----------------------------------------------------------------
@I [HLS-10] -- Generating RTL for module 'gaussian_sep' 
@I [HLS-10] ----------------------------------------------------------------
@I [RTGEN-100] Module generated: gaussian_fadd_32ns_32ns_32_5_full_dsp|gaussian_fadd_32ns_32ns_32_5_full_dsp_U1.
@I [RTGEN-100] Module generated: gaussian_fmul_32ns_32ns_32_4_max_dsp|gaussian_fmul_32ns_32ns_32_4_max_dsp_U2.
@I [RTGEN-100] Module generated: gaussian_fmul_32ns_32ns_32_4_max_dsp|gaussian_fmul_32ns_32ns_32_4_max_dsp_U3.
@I [RTGEN-100] Module generated: gaussian_fptoui_32ns_64_4|gaussian_fptoui_32ns_64_4_U4.
@I [RTGEN-100] Module generated: gaussian_sitofp_64ns_32_6|gaussian_sitofp_64ns_32_6_U5.
@I [RTGEN-100] Module generated: gaussian_sitofp_64ns_32_6|gaussian_sitofp_64ns_32_6_U6.
@I [RTGEN-100] Finished creating RTL model for 'gaussian_sep'.
@I [HLS-111] Elapsed time: 0.03 seconds; current memory usage: 50.8 MB.
@I [HLS-10] ----------------------------------------------------------------
@I [HLS-10] -- Generating RTL for module 'gaussian' 
@I [HLS-10] ----------------------------------------------------------------
@I [RTGEN-500] Setting interface mode on port 'gaussian/in_r' to 'ap_memory'.
@I [RTGEN-500] Setting interface mode on port 'gaussian/out_r' to 'ap_memory'.
@I [RTGEN-500] Setting interface mode on function 'gaussian' to 'ap_ctrl_hs'.
@I [RTGEN-100] Finished creating RTL model for 'gaussian'.
@I [HLS-111] Elapsed time: 0.08 seconds; current memory usage: 52.5 MB.
@W [RTMG-276] Only power-on reset is supported for RAM 'gaussian_sep_tmp'.
@I [RTMG-278] Implementing memory 'gaussian_sep_tmp_ram' using block RAMs.
Starting C synthesis ...
/usr/local/.recherche-cairn/Vivado-2013.2/Vivado_HLS/2013.2/Linux_x86_64/bin/vivado_hls_bin /users/deastir/mcaceres/Documents/VIVADO/TP_Vivado_HLS/TP_Vivado_HLS/gaussian/solution1/csynth.tcl
@I [LIC-101] Checked out feature [VIVADO_HLS]
@I [HLS-10] Running '/usr/local/.recherche-cairn/Vivado-2013.2/Vivado_HLS/2013.2/Linux_x86_64/bin/vivado_hls_bin'
            for user 'mcaceres' on host 'abe-a-28' (Linux_x86_64 version 3.2.0-116-generic) on Mon Dec 05 12:19:31 CET 2016
            in directory '/users/deastir/mcaceres/Documents/VIVADO/TP_Vivado_HLS/TP_Vivado_HLS'
@I [HLS-10] Opening project '/users/deastir/mcaceres/Documents/VIVADO/TP_Vivado_HLS/TP_Vivado_HLS/gaussian'.
@I [HLS-10] Adding design file 'src/globals.h' to the project.
@I [HLS-10] Adding design file 'src/gaussian_sep.cpp' to the project.
@I [HLS-10] Adding design file 'src/gaussian_scalarized.cpp' to the project.
@I [HLS-10] Adding design file 'src/gaussian_loopFusion.cpp' to the project.
@I [HLS-10] Adding design file 'src/gaussian_fixedPoint.cpp' to the project.
@I [HLS-10] Adding design file 'src/gaussian_caching.cpp' to the project.
@I [HLS-10] Adding design file 'src/gaussian_3x3.cpp' to the project.
@I [HLS-10] Adding design file 'src/gaussian_1line.cpp' to the project.
@I [HLS-10] Adding design file 'src/gaussian.cpp' to the project.
@I [HLS-10] Adding test bench file 'test/test.cpp' to the project.
@I [HLS-10] Opening solution '/users/deastir/mcaceres/Documents/VIVADO/TP_Vivado_HLS/TP_Vivado_HLS/gaussian/solution1'.
@I [SYN-201] Setting up clock 'default' with a period of 10ns.
@I [HLS-10] Setting target device to 'xc7z010clg400-1'
@I [HLS-10] Importing test bench file 'test/test.cpp' ... 
@I [HLS-10] Analyzing design file 'src/gaussian.cpp' ... 
@I [HLS-10] Analyzing design file 'src/gaussian_1line.cpp' ... 
@I [HLS-10] Analyzing design file 'src/gaussian_3x3.cpp' ... 
@I [HLS-10] Analyzing design file 'src/gaussian_caching.cpp' ... 
@I [HLS-10] Analyzing design file 'src/gaussian_fixedPoint.cpp' ... 
@I [HLS-10] Analyzing design file 'src/gaussian_loopFusion.cpp' ... 
@I [HLS-10] Analyzing design file 'src/gaussian_scalarized.cpp' ... 
@I [HLS-10] Analyzing design file 'src/gaussian_sep.cpp' ... 
@I [HLS-10] 'globals.h' is skipped compilation; only files with extensions '.c|.C|.cc|.cpp|.c++|.cp|.cxx' are compiled.
@I [HLS-10] Validating synthesis directives ...
@I [HLS-10] Checking synthesizability ...
@I [HLS-10] Starting code transformations ...
@I [HLS-111] Elapsed time: 1.94 seconds; current memory usage: 48.8 MB.
@I [HLS-10] Starting hardware synthesis ...
@I [HLS-10] Synthesizing 'gaussian' ...
@W [RTGEN-101] Legalizing port name 'gaussian_loopFusion/in' to 'gaussian_loopFusion/in_r'.
@W [RTGEN-101] Legalizing port name 'gaussian_loopFusion/out' to 'gaussian_loopFusion/out_r'.
@W [RTGEN-101] Legalizing port name 'gaussian/in' to 'gaussian/in_r'.
@W [RTGEN-101] Legalizing port name 'gaussian/out' to 'gaussian/out_r'.
@I [HLS-10] ----------------------------------------------------------------
@I [HLS-10] -- Scheduling module 'gaussian_loopFusion' 
@I [HLS-10] ----------------------------------------------------------------
@I [SCHED-11] Starting scheduling ...
@I [SCHED-11] Finished scheduling.
@I [HLS-111] Elapsed time: 0.16 seconds; current memory usage: 49.6 MB.
@I [HLS-10] ----------------------------------------------------------------
@I [HLS-10] -- Exploring micro-architecture for module 'gaussian_loopFusion' 
@I [HLS-10] ----------------------------------------------------------------
@I [BIND-100] Starting micro-architecture binding ...
@I [BIND-101] Performing variable lifetime analysis.
@I [BIND-101] Exploring resource sharing.
@I [BIND-101] Binding resource limited operations ...
@I [BIND-100] Finished micro-architecture binding.
@I [HLS-111] Elapsed time: 0.02 seconds; current memory usage: 50.4 MB.
@I [HLS-10] ----------------------------------------------------------------
@I [HLS-10] -- Scheduling module 'gaussian' 
@I [HLS-10] ----------------------------------------------------------------
@I [SCHED-11] Starting scheduling ...
@I [SCHED-11] Finished scheduling.
@I [HLS-111] Elapsed time: 0.03 seconds; current memory usage: 50.5 MB.
@I [HLS-10] ----------------------------------------------------------------
@I [HLS-10] -- Exploring micro-architecture for module 'gaussian' 
@I [HLS-10] ----------------------------------------------------------------
@I [BIND-100] Starting micro-architecture binding ...
@I [BIND-101] Performing variable lifetime analysis.
@I [BIND-101] Exploring resource sharing.
@I [BIND-101] Binding resource limited operations ...
@I [BIND-100] Finished micro-architecture binding.
@I [HLS-111] Elapsed time: 0.03 seconds; current memory usage: 50.6 MB.
@I [HLS-10] ----------------------------------------------------------------
@I [HLS-10] -- Generating RTL for module 'gaussian_loopFusion' 
@I [HLS-10] ----------------------------------------------------------------
@I [RTGEN-100] Module generated: gaussian_fadd_32ns_32ns_32_5_full_dsp|gaussian_fadd_32ns_32ns_32_5_full_dsp_U1.
@I [RTGEN-100] Module generated: gaussian_fmul_32ns_32ns_32_4_max_dsp|gaussian_fmul_32ns_32ns_32_4_max_dsp_U2.
@I [RTGEN-100] Module generated: gaussian_fmul_32ns_32ns_32_4_max_dsp|gaussian_fmul_32ns_32ns_32_4_max_dsp_U3.
@I [RTGEN-100] Module generated: gaussian_fptoui_32ns_64_4|gaussian_fptoui_32ns_64_4_U4.
@I [RTGEN-100] Module generated: gaussian_sitofp_64ns_32_6|gaussian_sitofp_64ns_32_6_U5.
@I [RTGEN-100] Module generated: gaussian_sitofp_64ns_32_6|gaussian_sitofp_64ns_32_6_U6.
@I [RTGEN-100] Finished creating RTL model for 'gaussian_loopFusion'.
@I [HLS-111] Elapsed time: 0.04 seconds; current memory usage: 51.5 MB.
@I [HLS-10] ----------------------------------------------------------------
@I [HLS-10] -- Generating RTL for module 'gaussian' 
@I [HLS-10] ----------------------------------------------------------------
@I [RTGEN-500] Setting interface mode on port 'gaussian/in_r' to 'ap_memory'.
@I [RTGEN-500] Setting interface mode on port 'gaussian/out_r' to 'ap_memory'.
@I [RTGEN-500] Setting interface mode on function 'gaussian' to 'ap_ctrl_hs'.
@I [RTGEN-100] Finished creating RTL model for 'gaussian'.
@I [HLS-111] Elapsed time: 0.07 seconds; current memory usage: 53.6 MB.
@W [RTMG-276] Only power-on reset is supported for RAM 'gaussian_loopFusion_tmp'.
@I [RTMG-278] Implementing memory 'gaussian_loopFusion_tmp_ram' using block RAMs.
Starting C synthesis ...
/usr/local/.recherche-cairn/Vivado-2013.2/Vivado_HLS/2013.2/Linux_x86_64/bin/vivado_hls_bin /users/deastir/mcaceres/Documents/VIVADO/TP_Vivado_HLS/TP_Vivado_HLS/gaussian/solution1/csynth.tcl
@I [LIC-101] Checked out feature [VIVADO_HLS]
@I [HLS-10] Running '/usr/local/.recherche-cairn/Vivado-2013.2/Vivado_HLS/2013.2/Linux_x86_64/bin/vivado_hls_bin'
            for user 'mcaceres' on host 'abe-a-28' (Linux_x86_64 version 3.2.0-116-generic) on Mon Dec 05 12:29:49 CET 2016
            in directory '/users/deastir/mcaceres/Documents/VIVADO/TP_Vivado_HLS/TP_Vivado_HLS'
@I [HLS-10] Opening project '/users/deastir/mcaceres/Documents/VIVADO/TP_Vivado_HLS/TP_Vivado_HLS/gaussian'.
@I [HLS-10] Adding design file 'src/gaussian.cpp' to the project.
@I [HLS-10] Adding design file 'src/gaussian_1line.cpp' to the project.
@I [HLS-10] Adding design file 'src/gaussian_3x3.cpp' to the project.
@I [HLS-10] Adding design file 'src/gaussian_caching.cpp' to the project.
@I [HLS-10] Adding design file 'src/gaussian_fixedPoint.cpp' to the project.
@I [HLS-10] Adding design file 'src/gaussian_loopFusion.cpp' to the project.
@I [HLS-10] Adding design file 'src/gaussian_scalarized.cpp' to the project.
@I [HLS-10] Adding design file 'src/gaussian_sep.cpp' to the project.
@I [HLS-10] Adding design file 'src/globals.h' to the project.
@I [HLS-10] Adding test bench file 'test/test.cpp' to the project.
@I [HLS-10] Opening solution '/users/deastir/mcaceres/Documents/VIVADO/TP_Vivado_HLS/TP_Vivado_HLS/gaussian/solution1'.
@I [SYN-201] Setting up clock 'default' with a period of 10ns.
@I [HLS-10] Setting target device to 'xc7z010clg400-1'
@I [HLS-10] Importing test bench file 'test/test.cpp' ... 
@I [HLS-10] 'globals.h' is skipped compilation; only files with extensions '.c|.C|.cc|.cpp|.c++|.cp|.cxx' are compiled.
@I [HLS-10] Analyzing design file 'src/gaussian_sep.cpp' ... 
@I [HLS-10] Analyzing design file 'src/gaussian_scalarized.cpp' ... 
@I [HLS-10] Analyzing design file 'src/gaussian_loopFusion.cpp' ... 
@I [HLS-10] Analyzing design file 'src/gaussian_fixedPoint.cpp' ... 
@I [HLS-10] Analyzing design file 'src/gaussian_caching.cpp' ... 
@I [HLS-10] Analyzing design file 'src/gaussian_3x3.cpp' ... 
@I [HLS-10] Analyzing design file 'src/gaussian_1line.cpp' ... 
@I [HLS-10] Analyzing design file 'src/gaussian.cpp' ... 
@I [HLS-10] Validating synthesis directives ...
@I [HLS-10] Checking synthesizability ...
@I [HLS-10] Starting code transformations ...
@I [HLS-111] Elapsed time: 1.84 seconds; current memory usage: 48.9 MB.
@I [HLS-10] Starting hardware synthesis ...
@I [HLS-10] Synthesizing 'gaussian' ...
@W [RTGEN-101] Legalizing port name 'gaussian_loopFusion/in' to 'gaussian_loopFusion/in_r'.
@W [RTGEN-101] Legalizing port name 'gaussian_loopFusion/out' to 'gaussian_loopFusion/out_r'.
@W [RTGEN-101] Legalizing port name 'gaussian/in' to 'gaussian/in_r'.
@W [RTGEN-101] Legalizing port name 'gaussian/out' to 'gaussian/out_r'.
@I [HLS-10] ----------------------------------------------------------------
@I [HLS-10] -- Scheduling module 'gaussian_loopFusion' 
@I [HLS-10] ----------------------------------------------------------------
@I [SCHED-11] Starting scheduling ...
@I [SCHED-11] Finished scheduling.
@I [HLS-111] Elapsed time: 0.14 seconds; current memory usage: 49.8 MB.
@I [HLS-10] ----------------------------------------------------------------
@I [HLS-10] -- Exploring micro-architecture for module 'gaussian_loopFusion' 
@I [HLS-10] ----------------------------------------------------------------
@I [BIND-100] Starting micro-architecture binding ...
@I [BIND-101] Performing variable lifetime analysis.
@I [BIND-101] Exploring resource sharing.
@I [BIND-101] Binding resource limited operations ...
@I [BIND-100] Finished micro-architecture binding.
@I [HLS-111] Elapsed time: 0.03 seconds; current memory usage: 50.6 MB.
@I [HLS-10] ----------------------------------------------------------------
@I [HLS-10] -- Scheduling module 'gaussian' 
@I [HLS-10] ----------------------------------------------------------------
@I [SCHED-11] Starting scheduling ...
@I [SCHED-11] Finished scheduling.
@I [HLS-111] Elapsed time: 0.03 seconds; current memory usage: 50.6 MB.
@I [HLS-10] ----------------------------------------------------------------
@I [HLS-10] -- Exploring micro-architecture for module 'gaussian' 
@I [HLS-10] ----------------------------------------------------------------
@I [BIND-100] Starting micro-architecture binding ...
@I [BIND-101] Performing variable lifetime analysis.
@I [BIND-101] Exploring resource sharing.
@I [BIND-101] Binding resource limited operations ...
@I [BIND-100] Finished micro-architecture binding.
@I [HLS-111] Elapsed time: 0.02 seconds; current memory usage: 50.7 MB.
@I [HLS-10] ----------------------------------------------------------------
@I [HLS-10] -- Generating RTL for module 'gaussian_loopFusion' 
@I [HLS-10] ----------------------------------------------------------------
@I [RTGEN-100] Module generated: gaussian_fadd_32ns_32ns_32_5_full_dsp|gaussian_fadd_32ns_32ns_32_5_full_dsp_U1.
@I [RTGEN-100] Module generated: gaussian_fmul_32ns_32ns_32_4_max_dsp|gaussian_fmul_32ns_32ns_32_4_max_dsp_U2.
@I [RTGEN-100] Module generated: gaussian_fmul_32ns_32ns_32_4_max_dsp|gaussian_fmul_32ns_32ns_32_4_max_dsp_U3.
@I [RTGEN-100] Module generated: gaussian_fptoui_32ns_64_4|gaussian_fptoui_32ns_64_4_U4.
@I [RTGEN-100] Module generated: gaussian_sitofp_64ns_32_6|gaussian_sitofp_64ns_32_6_U5.
@I [RTGEN-100] Module generated: gaussian_sitofp_64ns_32_6|gaussian_sitofp_64ns_32_6_U6.
@I [RTGEN-100] Finished creating RTL model for 'gaussian_loopFusion'.
@I [HLS-111] Elapsed time: 0.04 seconds; current memory usage: 51.6 MB.
@I [HLS-10] ----------------------------------------------------------------
@I [HLS-10] -- Generating RTL for module 'gaussian' 
@I [HLS-10] ----------------------------------------------------------------
@I [RTGEN-500] Setting interface mode on port 'gaussian/in_r' to 'ap_memory'.
@I [RTGEN-500] Setting interface mode on port 'gaussian/out_r' to 'ap_memory'.
@I [RTGEN-500] Setting interface mode on function 'gaussian' to 'ap_ctrl_hs'.
@I [RTGEN-100] Finished creating RTL model for 'gaussian'.
@I [HLS-111] Elapsed time: 0.1 seconds; current memory usage: 53.8 MB.
@W [RTMG-276] Only power-on reset is supported for RAM 'gaussian_loopFusion_tmp'.
@I [RTMG-278] Implementing memory 'gaussian_loopFusion_tmp_ram' using block RAMs.
Starting C synthesis ...
/usr/local/.recherche-cairn/Vivado-2013.2/Vivado_HLS/2013.2/Linux_x86_64/bin/vivado_hls_bin /users/deastir/mcaceres/Documents/VIVADO/TP_Vivado_HLS/TP_Vivado_HLS/gaussian/solution1/csynth.tcl
@I [LIC-101] Checked out feature [HLS]
@I [HLS-10] Running '/usr/local/.recherche-cairn/Vivado-2013.2/Vivado_HLS/2013.2/Linux_x86_64/bin/vivado_hls_bin'
            for user 'mcaceres' on host 'abe-a-28' (Linux_x86_64 version 3.2.0-116-generic) on Mon Dec 05 12:30:51 CET 2016
            in directory '/users/deastir/mcaceres/Documents/VIVADO/TP_Vivado_HLS/TP_Vivado_HLS'
@I [HLS-10] Opening project '/users/deastir/mcaceres/Documents/VIVADO/TP_Vivado_HLS/TP_Vivado_HLS/gaussian'.
@I [HLS-10] Adding design file 'src/globals.h' to the project.
@I [HLS-10] Adding design file 'src/gaussian_sep.cpp' to the project.
@I [HLS-10] Adding design file 'src/gaussian_scalarized.cpp' to the project.
@I [HLS-10] Adding design file 'src/gaussian_loopFusion.cpp' to the project.
@I [HLS-10] Adding design file 'src/gaussian_fixedPoint.cpp' to the project.
@I [HLS-10] Adding design file 'src/gaussian_caching.cpp' to the project.
@I [HLS-10] Adding design file 'src/gaussian_3x3.cpp' to the project.
@I [HLS-10] Adding design file 'src/gaussian_1line.cpp' to the project.
@I [HLS-10] Adding design file 'src/gaussian.cpp' to the project.
@I [HLS-10] Adding test bench file 'test/test.cpp' to the project.
@I [HLS-10] Opening solution '/users/deastir/mcaceres/Documents/VIVADO/TP_Vivado_HLS/TP_Vivado_HLS/gaussian/solution1'.
@I [SYN-201] Setting up clock 'default' with a period of 10ns.
@I [HLS-10] Setting target device to 'xc7z010clg400-1'
@I [HLS-10] Importing test bench file 'test/test.cpp' ... 
@I [HLS-10] Analyzing design file 'src/gaussian.cpp' ... 
@I [HLS-10] Analyzing design file 'src/gaussian_1line.cpp' ... 
@I [HLS-10] Analyzing design file 'src/gaussian_3x3.cpp' ... 
@I [HLS-10] Analyzing design file 'src/gaussian_caching.cpp' ... 
@I [HLS-10] Analyzing design file 'src/gaussian_fixedPoint.cpp' ... 
@I [HLS-10] Analyzing design file 'src/gaussian_loopFusion.cpp' ... 
@I [HLS-10] Analyzing design file 'src/gaussian_scalarized.cpp' ... 
@I [HLS-10] Analyzing design file 'src/gaussian_sep.cpp' ... 
@I [HLS-10] 'globals.h' is skipped compilation; only files with extensions '.c|.C|.cc|.cpp|.c++|.cp|.cxx' are compiled.
@I [HLS-10] Validating synthesis directives ...
@I [HLS-10] Checking synthesizability ...
@I [HLS-10] Starting code transformations ...
@I [HLS-111] Elapsed time: 1.91 seconds; current memory usage: 48.9 MB.
@I [HLS-10] Starting hardware synthesis ...
@I [HLS-10] Synthesizing 'gaussian' ...
@W [RTGEN-101] Legalizing port name 'gaussian_1line/in' to 'gaussian_1line/in_r'.
@W [RTGEN-101] Legalizing port name 'gaussian_1line/out' to 'gaussian_1line/out_r'.
@W [RTGEN-101] Legalizing port name 'gaussian/in' to 'gaussian/in_r'.
@W [RTGEN-101] Legalizing port name 'gaussian/out' to 'gaussian/out_r'.
@I [HLS-10] ----------------------------------------------------------------
@I [HLS-10] -- Scheduling module 'gaussian_1line' 
@I [HLS-10] ----------------------------------------------------------------
@I [SCHED-11] Starting scheduling ...
@I [SCHED-11] Finished scheduling.
@I [HLS-111] Elapsed time: 0.15 seconds; current memory usage: 49.7 MB.
@I [HLS-10] ----------------------------------------------------------------
@I [HLS-10] -- Exploring micro-architecture for module 'gaussian_1line' 
@I [HLS-10] ----------------------------------------------------------------
@I [BIND-100] Starting micro-architecture binding ...
@I [BIND-101] Performing variable lifetime analysis.
@I [BIND-101] Exploring resource sharing.
@I [BIND-101] Binding resource limited operations ...
@I [BIND-100] Finished micro-architecture binding.
@I [HLS-111] Elapsed time: 0.02 seconds; current memory usage: 50.5 MB.
@I [HLS-10] ----------------------------------------------------------------
@I [HLS-10] -- Scheduling module 'gaussian' 
@I [HLS-10] ----------------------------------------------------------------
@I [SCHED-11] Starting scheduling ...
@I [SCHED-11] Finished scheduling.
@I [HLS-111] Elapsed time: 0.03 seconds; current memory usage: 50.6 MB.
@I [HLS-10] ----------------------------------------------------------------
@I [HLS-10] -- Exploring micro-architecture for module 'gaussian' 
@I [HLS-10] ----------------------------------------------------------------
@I [BIND-100] Starting micro-architecture binding ...
@I [BIND-101] Performing variable lifetime analysis.
@I [BIND-101] Exploring resource sharing.
@I [BIND-101] Binding resource limited operations ...
@I [BIND-100] Finished micro-architecture binding.
@I [HLS-111] Elapsed time: 0.01 seconds; current memory usage: 50.7 MB.
@I [HLS-10] ----------------------------------------------------------------
@I [HLS-10] -- Generating RTL for module 'gaussian_1line' 
@I [HLS-10] ----------------------------------------------------------------
@I [RTGEN-100] Module generated: gaussian_fadd_32ns_32ns_32_5_full_dsp|gaussian_fadd_32ns_32ns_32_5_full_dsp_U1.
@I [RTGEN-100] Module generated: gaussian_fadd_32ns_32ns_32_5_full_dsp|gaussian_fadd_32ns_32ns_32_5_full_dsp_U2.
@I [RTGEN-100] Module generated: gaussian_fmul_32ns_32ns_32_4_max_dsp|gaussian_fmul_32ns_32ns_32_4_max_dsp_U3.
@I [RTGEN-100] Module generated: gaussian_fmul_32ns_32ns_32_4_max_dsp|gaussian_fmul_32ns_32ns_32_4_max_dsp_U4.
@I [RTGEN-100] Module generated: gaussian_fmul_32ns_32ns_32_4_max_dsp|gaussian_fmul_32ns_32ns_32_4_max_dsp_U5.
@I [RTGEN-100] Module generated: gaussian_fmul_32ns_32ns_32_4_max_dsp|gaussian_fmul_32ns_32ns_32_4_max_dsp_U6.
@I [RTGEN-100] Module generated: gaussian_fptoui_32ns_64_4|gaussian_fptoui_32ns_64_4_U7.
@I [RTGEN-100] Module generated: gaussian_sitofp_64ns_32_6|gaussian_sitofp_64ns_32_6_U8.
@I [RTGEN-100] Module generated: gaussian_sitofp_64ns_32_6|gaussian_sitofp_64ns_32_6_U9.
@I [RTGEN-100] Module generated: gaussian_sitofp_64ns_32_6|gaussian_sitofp_64ns_32_6_U10.
@I [RTGEN-100] Module generated: gaussian_sitofp_64ns_32_6|gaussian_sitofp_64ns_32_6_U11.
@I [RTGEN-100] Finished creating RTL model for 'gaussian_1line'.
@I [HLS-111] Elapsed time: 0.05 seconds; current memory usage: 51.7 MB.
@I [HLS-10] ----------------------------------------------------------------
@I [HLS-10] -- Generating RTL for module 'gaussian' 
@I [HLS-10] ----------------------------------------------------------------
@I [RTGEN-500] Setting interface mode on port 'gaussian/in_r' to 'ap_memory'.
@I [RTGEN-500] Setting interface mode on port 'gaussian/out_r' to 'ap_memory'.
@I [RTGEN-500] Setting interface mode on function 'gaussian' to 'ap_ctrl_hs'.
@I [RTGEN-100] Finished creating RTL model for 'gaussian'.
@I [HLS-111] Elapsed time: 0.1 seconds; current memory usage: 53.9 MB.
@W [RTMG-276] Only power-on reset is supported for RAM 'gaussian_1line_tmp'.
@I [RTMG-278] Implementing memory 'gaussian_1line_tmp_ram' using block RAMs.
